D:\GITPROJECT\NETSERVICER\CLIENT\WIN32\DEBUG\CONTROL.EXE
D:\GITPROJECT\NETSERVICER\CLIENT\WIN32\DEBUG\CONTROL.ILK
D:\GITPROJECT\NETSERVICER\CLIENT\WIN32\DEBUG\CONTROL.PDB
D:\gitproject\NetServicer\control\Debug\cl.command.1.tlog
D:\gitproject\NetServicer\control\Debug\CL.read.1.tlog
D:\gitproject\NetServicer\control\Debug\CL.write.1.tlog
D:\GITPROJECT\NETSERVICER\CONTROL\DEBUG\CONTROL.EXE.INTERMEDIATE.MANIFEST
D:\GITPROJECT\NETSERVICER\CONTROL\DEBUG\CONTROL.OBJ
D:\gitproject\NetServicer\control\Debug\control.write.1.tlog
D:\gitproject\NetServicer\control\Debug\custombuild.command.1.tlog
D:\gitproject\NetServicer\control\Debug\custombuild.read.1.tlog
D:\gitproject\NetServicer\control\Debug\custombuild.write.1.tlog
D:\gitproject\NetServicer\control\Debug\link.command.1.tlog
D:\gitproject\NetServicer\control\Debug\link.read.1.tlog
D:\gitproject\NetServicer\control\Debug\link.write.1.tlog
D:\GITPROJECT\NETSERVICER\CONTROL\DEBUG\MAIN.OBJ
D:\GITPROJECT\NETSERVICER\CONTROL\DEBUG\MOC_CONTROL.OBJ
D:\gitproject\NetServicer\control\Debug\mt.command.1.tlog
D:\gitproject\NetServicer\control\Debug\mt.read.1.tlog
D:\gitproject\NetServicer\control\Debug\mt.write.1.tlog
D:\GITPROJECT\NETSERVICER\CONTROL\DEBUG\QRC_CONTROL.OBJ
D:\GITPROJECT\NETSERVICER\CONTROL\DEBUG\VC100.PDB
D:\GITPROJECT\NETSERVICER\CONTROL\GENERATEDFILES\DEBUG\MOC_CONTROL.CPP
D:\GITPROJECT\NETSERVICER\CONTROL\GENERATEDFILES\QRC_CONTROL.CPP
D:\GITPROJECT\NETSERVICER\CONTROL\GENERATEDFILES\UI_CONTROL.H
