生成启动时间为 2015/3/27 11:21:13。
     1>项目“D:\gitproject\NetServicer\client\HookDll\HookDll.vcxproj”在节点 3 上(rebuild 个目标)。
     1>InitializeBuildStatus:
         正在创建“Release\HookDll.unsuccessfulbuild”，因为已指定“AlwaysCreate”。
       ClCompile:
         e:\soft\vs2010\VC\bin\CL.exe /c /Zi /nologo /W3 /WX- /O2 /Oi /Oy- /GL /D WIN32 /D NDEBUG /D _WINDOWS /D _USRDLL /D HOOKDLL_EXPORTS /D _WINDLL /D _UNICODE /D UNICODE /Gm- /EHsc /MD /GS /Gy /fp:precise /Zc:wchar_t /Zc:forScope /Fo"Release\\" /Fd"Release\vc100.pdb" /Gd /TP /analyze- /errorReport:prompt HookDll.cpp
         HookDll.cpp
     1>d:\gitproject\netservicer\client\hookdll\HookDll.h(129): warning C4996: 'fopen': This function or variable may be unsafe. Consider using fopen_s instead. To disable deprecation, use _CRT_SECURE_NO_WARNINGS. See online help for details.
                 e:\soft\vs2010\VC\include\stdio.h(234) : 参见“fopen”的声明
       Link:
         e:\soft\vs2010\VC\bin\link.exe /ERRORREPORT:PROMPT /OUT:"D:\gitproject\NetServicer\client\Release\HookDll.dll" /INCREMENTAL:NO /NOLOGO kernel32.lib user32.lib gdi32.lib winspool.lib comdlg32.lib advapi32.lib shell32.lib ole32.lib oleaut32.lib uuid.lib odbc32.lib odbccp32.lib /MANIFEST /ManifestFile:"Release\HookDll.dll.intermediate.manifest" /MANIFESTUAC:"level='asInvoker' uiAccess='false'" /DEBUG /PDB:"D:\gitproject\NetServicer\client\Release\HookDll.pdb" /SUBSYSTEM:WINDOWS /OPT:REF /OPT:ICF /LTCG /TLBID:1 /DYNAMICBASE /NXCOMPAT /IMPLIB:"D:\gitproject\NetServicer\client\Release\HookDll.lib" /MACHINE:X86 /DLL Release\HookDll.obj
            正在创建库 D:\gitproject\NetServicer\client\Release\HookDll.lib 和对象 D:\gitproject\NetServicer\client\Release\HookDll.exp
         正在生成代码
         已完成代码的生成
         HookDll.vcxproj -> D:\gitproject\NetServicer\client\Release\HookDll.dll
       Manifest:
         C:\Program Files (x86)\Microsoft SDKs\Windows\v7.0A\bin\mt.exe /nologo /verbose /outputresource:"D:\gitproject\NetServicer\client\Release\HookDll.dll;#2" /manifest Release\HookDll.dll.intermediate.manifest
       FinalizeBuildStatus:
         正在删除文件“Release\HookDll.unsuccessfulbuild”。
         正在对“Release\HookDll.lastbuildstate”执行 Touch 任务。
     1>已完成生成项目“D:\gitproject\NetServicer\client\HookDll\HookDll.vcxproj”(rebuild 个目标)的操作。

生成成功。

已用时间 00:00:07.50
