生成启动时间为 2015/3/27 14:25:42。
     1>项目“D:\gitproject\NetServicer\client\HookDll\HookDll.vcxproj”在节点 2 上(rebuild 个目标)。
     1>InitializeBuildStatus:
         正在创建“Debug\HookDll.unsuccessfulbuild”，因为已指定“AlwaysCreate”。
       ClCompile:
         e:\soft\vs2010\VC\bin\CL.exe /c /ZI /nologo /W3 /WX- /Od /Oy- /D WIN32 /D _DEBUG /D _WINDOWS /D _USRDLL /D HOOKDLL_EXPORTS /D _WINDLL /D _UNICODE /D UNICODE /Gm /EHsc /RTC1 /MDd /GS /fp:precise /Zc:wchar_t /Zc:forScope /Fo"Debug\\" /Fd"Debug\vc100.pdb" /Gd /TP /analyze- /errorReport:prompt HookDll.cpp
         HookDll.cpp
     1>d:\gitproject\netservicer\client\hookdll\hookdll.h(129): warning C4996: 'fopen': This function or variable may be unsafe. Consider using fopen_s instead. To disable deprecation, use _CRT_SECURE_NO_WARNINGS. See online help for details.
                 e:\soft\vs2010\vc\include\stdio.h(234) : 参见“fopen”的声明
       ManifestResourceCompile:
         C:\Program Files (x86)\Microsoft SDKs\Windows\v7.0A\bin\rc.exe /nologo /fo"Debug\HookDll.dll.embed.manifest.res" Debug\HookDll_manifest.rc 
       Link:
         e:\soft\vs2010\VC\bin\link.exe /ERRORREPORT:PROMPT /OUT:"D:\gitproject\NetServicer\client\Debug\HookDll.dll" /INCREMENTAL /NOLOGO kernel32.lib user32.lib gdi32.lib winspool.lib comdlg32.lib advapi32.lib shell32.lib ole32.lib oleaut32.lib uuid.lib odbc32.lib odbccp32.lib /MANIFEST /ManifestFile:"Debug\HookDll.dll.intermediate.manifest" /MANIFESTUAC:"level='asInvoker' uiAccess='false'" /DEBUG /PDB:"D:\gitproject\NetServicer\client\Debug\HookDll.pdb" /SUBSYSTEM:WINDOWS /TLBID:1 /DYNAMICBASE /NXCOMPAT /IMPLIB:"D:\gitproject\NetServicer\client\Debug\HookDll.lib" /MACHINE:X86 /DLL Debug\HookDll.dll.embed.manifest.res
         Debug\HookDll.obj
            正在创建库 D:\gitproject\NetServicer\client\Debug\HookDll.lib 和对象 D:\gitproject\NetServicer\client\Debug\HookDll.exp
       Manifest:
         正在删除文件“Debug\HookDll.dll.embed.manifest”。
         C:\Program Files (x86)\Microsoft SDKs\Windows\v7.0A\bin\mt.exe /nologo /verbose /out:"Debug\HookDll.dll.embed.manifest" /manifest Debug\HookDll.dll.intermediate.manifest
         C:\Program Files (x86)\Microsoft SDKs\Windows\v7.0A\bin\rc.exe /nologo /fo"Debug\HookDll.dll.embed.manifest.res" Debug\HookDll_manifest.rc 
       LinkEmbedManifest:
         e:\soft\vs2010\VC\bin\link.exe /ERRORREPORT:PROMPT /OUT:"D:\gitproject\NetServicer\client\Debug\HookDll.dll" /INCREMENTAL /NOLOGO kernel32.lib user32.lib gdi32.lib winspool.lib comdlg32.lib advapi32.lib shell32.lib ole32.lib oleaut32.lib uuid.lib odbc32.lib odbccp32.lib /MANIFEST /ManifestFile:"Debug\HookDll.dll.intermediate.manifest" /MANIFESTUAC:"level='asInvoker' uiAccess='false'" /DEBUG /PDB:"D:\gitproject\NetServicer\client\Debug\HookDll.pdb" /SUBSYSTEM:WINDOWS /TLBID:1 /DYNAMICBASE /NXCOMPAT /IMPLIB:"D:\gitproject\NetServicer\client\Debug\HookDll.lib" /MACHINE:X86 /DLL Debug\HookDll.dll.embed.manifest.res
         Debug\HookDll.obj
            正在创建库 D:\gitproject\NetServicer\client\Debug\HookDll.lib 和对象 D:\gitproject\NetServicer\client\Debug\HookDll.exp
         HookDll.vcxproj -> D:\gitproject\NetServicer\client\Debug\HookDll.dll
       FinalizeBuildStatus:
         正在删除文件“Debug\HookDll.unsuccessfulbuild”。
         正在对“Debug\HookDll.lastbuildstate”执行 Touch 任务。
     1>已完成生成项目“D:\gitproject\NetServicer\client\HookDll\HookDll.vcxproj”(rebuild 个目标)的操作。

生成成功。

已用时间 00:00:02.34
