生成启动时间为 2015/3/27 15:38:56。
     1>项目“D:\gitproject\NetServicer\client\client\client.vcxproj”在节点 2 上(rebuild 个目标)。
     1>_PrepareForClean:
         正在删除文件“Debug\client.lastbuildstate”。
       InitializeBuildStatus:
         正在对“Debug\client.unsuccessfulbuild”执行 Touch 任务。
       ClCompile:
         e:\soft\vs2010\VC\bin\CL.exe /c /ZI /nologo /W3 /WX- /Od /Oy- /D WIN32 /D _DEBUG /D _CONSOLE /D _UNICODE /D UNICODE /Gm /EHsc /RTC1 /MDd /GS /fp:precise /Zc:wchar_t /Zc:forScope /Yc"StdAfx.h" /Fp"Debug\client.pch" /Fo"Debug\\" /Fd"Debug\vc100.pdb" /Gd /TP /analyze- /errorReport:prompt stdafx.cpp
         stdafx.cpp
         e:\soft\vs2010\VC\bin\CL.exe /c /ZI /nologo /W3 /WX- /Od /Oy- /D WIN32 /D _DEBUG /D _CONSOLE /D _UNICODE /D UNICODE /Gm /EHsc /RTC1 /MDd /GS /fp:precise /Zc:wchar_t /Zc:forScope /Yu"StdAfx.h" /Fp"Debug\client.pch" /Fo"Debug\\" /Fd"Debug\vc100.pdb" /Gd /TP /analyze- /errorReport:prompt CameraOpt.cpp client.cpp CommunicationOpt.cpp DiskFileOpt.cpp EventOpt.cpp TaskOpt.cpp
         TaskOpt.cpp
         EventOpt.cpp
         DiskFileOpt.cpp
         CommunicationOpt.cpp
         client.cpp
         CameraOpt.cpp
     1>d:\gitproject\netservicer\3rdparty\libopencv\include\opencv2\flann\logger.h(66): warning C4996: 'fopen': This function or variable may be unsafe. Consider using fopen_s instead. To disable deprecation, use _CRT_SECURE_NO_WARNINGS. See online help for details.
                 e:\soft\vs2010\vc\include\stdio.h(234) : 参见“fopen”的声明
         正在生成代码...
       ManifestResourceCompile:
         C:\Program Files (x86)\Microsoft SDKs\Windows\v7.0A\bin\rc.exe /nologo /fo"Debug\client.exe.embed.manifest.res" Debug\client_manifest.rc 
       Link:
         e:\soft\vs2010\VC\bin\link.exe /ERRORREPORT:PROMPT /OUT:"D:\gitproject\NetServicer\client\Debug\client.exe" /INCREMENTAL /NOLOGO opencv_core249d.lib opencv_highgui249d.lib opencv_imgproc249d.lib kernel32.lib user32.lib gdi32.lib winspool.lib comdlg32.lib advapi32.lib shell32.lib ole32.lib oleaut32.lib uuid.lib odbc32.lib odbccp32.lib /MANIFEST /ManifestFile:"Debug\client.exe.intermediate.manifest" /MANIFESTUAC:"level='asInvoker' uiAccess='false'" /DEBUG /PDB:"D:\gitproject\NetServicer\client\Debug\client.pdb" /SUBSYSTEM:CONSOLE /TLBID:1 /DYNAMICBASE /NXCOMPAT /IMPLIB:"D:\gitproject\NetServicer\client\Debug\client.lib" /MACHINE:X86 Debug\client.exe.embed.manifest.res
         Debug\CameraOpt.obj
         Debug\client.obj
         Debug\CommunicationOpt.obj
         Debug\DiskFileOpt.obj
         Debug\EventOpt.obj
         Debug\stdafx.obj
         Debug\TaskOpt.obj
       Manifest:
         正在删除文件“Debug\client.exe.embed.manifest”。
         C:\Program Files (x86)\Microsoft SDKs\Windows\v7.0A\bin\mt.exe /nologo /verbose /out:"Debug\client.exe.embed.manifest" /manifest Debug\client.exe.intermediate.manifest
         C:\Program Files (x86)\Microsoft SDKs\Windows\v7.0A\bin\rc.exe /nologo /fo"Debug\client.exe.embed.manifest.res" Debug\client_manifest.rc 
       LinkEmbedManifest:
         e:\soft\vs2010\VC\bin\link.exe /ERRORREPORT:PROMPT /OUT:"D:\gitproject\NetServicer\client\Debug\client.exe" /INCREMENTAL /NOLOGO opencv_core249d.lib opencv_highgui249d.lib opencv_imgproc249d.lib kernel32.lib user32.lib gdi32.lib winspool.lib comdlg32.lib advapi32.lib shell32.lib ole32.lib oleaut32.lib uuid.lib odbc32.lib odbccp32.lib /MANIFEST /ManifestFile:"Debug\client.exe.intermediate.manifest" /MANIFESTUAC:"level='asInvoker' uiAccess='false'" /DEBUG /PDB:"D:\gitproject\NetServicer\client\Debug\client.pdb" /SUBSYSTEM:CONSOLE /TLBID:1 /DYNAMICBASE /NXCOMPAT /IMPLIB:"D:\gitproject\NetServicer\client\Debug\client.lib" /MACHINE:X86 Debug\client.exe.embed.manifest.res
         Debug\CameraOpt.obj
         Debug\client.obj
         Debug\CommunicationOpt.obj
         Debug\DiskFileOpt.obj
         Debug\EventOpt.obj
         Debug\stdafx.obj
         Debug\TaskOpt.obj
         client.vcxproj -> D:\gitproject\NetServicer\client\Debug\client.exe
       FinalizeBuildStatus:
         正在删除文件“Debug\client.unsuccessfulbuild”。
         正在对“Debug\client.lastbuildstate”执行 Touch 任务。
     1>已完成生成项目“D:\gitproject\NetServicer\client\client\client.vcxproj”(rebuild 个目标)的操作。

生成成功。

已用时间 00:00:12.86
