D:\GITPROJECT\NETSERVICER\CLIENT\CLIENT\DEBUG\CAMERAOPT.OBJ
D:\gitproject\NetServicer\client\client\Debug\cl.command.1.tlog
D:\gitproject\NetServicer\client\client\Debug\CL.read.1.tlog
D:\gitproject\NetServicer\client\client\Debug\CL.write.1.tlog
D:\GITPROJECT\NETSERVICER\CLIENT\CLIENT\DEBUG\CLIENT.EXE.EMBED.MANIFEST
D:\GITPROJECT\NETSERVICER\CLIENT\CLIENT\DEBUG\CLIENT.EXE.EMBED.MANIFEST.RES
D:\GITPROJECT\NETSERVICER\CLIENT\CLIENT\DEBUG\CLIENT.EXE.INTERMEDIATE.MANIFEST
D:\GITPROJECT\NETSERVICER\CLIENT\CLIENT\DEBUG\CLIENT.OBJ
D:\GITPROJECT\NETSERVICER\CLIENT\CLIENT\DEBUG\CLIENT.PCH
D:\gitproject\NetServicer\client\client\Debug\client.vcxprojResolveAssemblyReference.cache
D:\gitproject\NetServicer\client\client\Debug\client.write.1.tlog
D:\gitproject\NetServicer\client\client\Debug\client_manifest.rc
D:\GITPROJECT\NETSERVICER\CLIENT\CLIENT\DEBUG\COMMUNICATIONOPT.OBJ
D:\GITPROJECT\NETSERVICER\CLIENT\CLIENT\DEBUG\DISKFILEOPT.OBJ
D:\GITPROJECT\NETSERVICER\CLIENT\CLIENT\DEBUG\EVENTOPT.OBJ
D:\gitproject\NetServicer\client\client\Debug\link.13888.read.1.tlog
D:\gitproject\NetServicer\client\client\Debug\link.13888.write.1.tlog
D:\gitproject\NetServicer\client\client\Debug\link.13888-cvtres.read.1.tlog
D:\gitproject\NetServicer\client\client\Debug\link.13888-cvtres.write.1.tlog
D:\gitproject\NetServicer\client\client\Debug\link.1396.read.1.tlog
D:\gitproject\NetServicer\client\client\Debug\link.1396.write.1.tlog
D:\gitproject\NetServicer\client\client\Debug\link.1396-cvtres.read.1.tlog
D:\gitproject\NetServicer\client\client\Debug\link.1396-cvtres.write.1.tlog
D:\gitproject\NetServicer\client\client\Debug\link.3252.read.1.tlog
D:\gitproject\NetServicer\client\client\Debug\link.3252.write.1.tlog
D:\gitproject\NetServicer\client\client\Debug\link.3252-cvtres.read.1.tlog
D:\gitproject\NetServicer\client\client\Debug\link.3252-cvtres.write.1.tlog
D:\gitproject\NetServicer\client\client\Debug\link.command.1.tlog
D:\gitproject\NetServicer\client\client\Debug\link.read.1.tlog
D:\gitproject\NetServicer\client\client\Debug\link.write.1.tlog
D:\gitproject\NetServicer\client\client\Debug\link-cvtres.read.1.tlog
D:\gitproject\NetServicer\client\client\Debug\link-cvtres.write.1.tlog
D:\gitproject\NetServicer\client\client\Debug\mt.command.1.tlog
D:\gitproject\NetServicer\client\client\Debug\mt.read.1.tlog
D:\gitproject\NetServicer\client\client\Debug\mt.write.1.tlog
D:\gitproject\NetServicer\client\client\Debug\rc.command.1.tlog
D:\gitproject\NetServicer\client\client\Debug\rc.read.1.tlog
D:\gitproject\NetServicer\client\client\Debug\rc.write.1.tlog
D:\GITPROJECT\NETSERVICER\CLIENT\CLIENT\DEBUG\STDAFX.OBJ
D:\gitproject\NetServicer\client\client\Debug\vc100.idb
D:\GITPROJECT\NETSERVICER\CLIENT\CLIENT\DEBUG\VC100.PDB
D:\GITPROJECT\NETSERVICER\CLIENT\DEBUG\CLIENT.EXE
D:\GITPROJECT\NETSERVICER\CLIENT\DEBUG\CLIENT.ILK
D:\GITPROJECT\NETSERVICER\CLIENT\DEBUG\CLIENT.PDB
